<?xml version="1.0" encoding="UTF-8"?>
<testng-results ignored="0" total="1" passed="1" failed="0" skipped="0">
  <reporter-output>
  </reporter-output>
  <suite started-at="2025-06-07T09:51:41 IST" name="Suite" finished-at="2025-06-07T09:51:45 IST" duration-ms="3432">
    <groups>
    </groups>
    <test started-at="2025-06-07T09:51:41 IST" name="Test" finished-at="2025-06-07T09:51:45 IST" duration-ms="3432">
      <class name="scripts.TestCase1">
        <test-method is-config="true" signature="openApp()[pri:0, instance:scripts.TestCase1@4d02f94e]" started-at="2025-06-07T09:51:41 IST" name="openApp" finished-at="2025-06-07T09:51:44 IST" duration-ms="2889" status="PASS">
          <reporter-output>
          </reporter-output>
        </test-method> <!-- openApp -->
        <test-method signature="tc1()[pri:0, instance:scripts.TestCase1@4d02f94e]" started-at="2025-06-07T09:51:44 IST" name="tc1" finished-at="2025-06-07T09:51:44 IST" duration-ms="233" status="PASS">
          <reporter-output>
          </reporter-output>
        </test-method> <!-- tc1 -->
        <test-method is-config="true" signature="closeApp()[pri:0, instance:scripts.TestCase1@4d02f94e]" started-at="2025-06-07T09:51:44 IST" name="closeApp" finished-at="2025-06-07T09:51:45 IST" duration-ms="280" status="PASS">
          <reporter-output>
          </reporter-output>
        </test-method> <!-- closeApp -->
      </class> <!-- scripts.TestCase1 -->
    </test> <!-- Test -->
  </suite> <!-- Suite -->
</testng-results>
